<?xml version="1.0" encoding="UTF-8"?>
<!-- Generated by org.testng.reporters.JUnitReportReporter -->
<testsuite hostname="ashutosh" failures="0" tests="3" name="testNg_selenium01.InvocationTestAnnotation" time="0.008" errors="0" timestamp="2023-08-08T19:58:33 IST" skipped="1">
  <testcase classname="testNg_selenium01.InvocationTestAnnotation" name="deleteUser" time="0.007"/>
  <testcase classname="testNg_selenium01.InvocationTestAnnotation" name="modifyUser" time="0.001"/>
  <testcase classname="testNg_selenium01.InvocationTestAnnotation" name="createUser">
    <skipped/>
  </testcase> <!-- createUser -->
</testsuite> <!-- testNg_selenium01.InvocationTestAnnotation -->
