<?xml version="1.0" encoding="UTF-8"?>
<!-- Generated by org.testng.reporters.JUnitReportReporter -->
<testsuite hostname="ashutosh" failures="0" tests="4" name="part3.DemoTestingAmazon" time="41.272" errors="0" timestamp="2023-08-08T21:20:32 IST" skipped="0">
  <testcase classname="part3.DemoTestingAmazon" name="fetchData" time="7.565"/>
  <testcase classname="part3.DemoTestingAmazon" name="fetchData" time="19.160"/>
  <testcase classname="part3.DemoTestingAmazon" name="fetchData" time="7.325"/>
  <testcase classname="part3.DemoTestingAmazon" name="fetchData" time="7.222"/>
</testsuite> <!-- part3.DemoTestingAmazon -->
