<?xml version="1.0" encoding="UTF-8"?>
<!-- Generated by org.testng.reporters.JUnitReportReporter -->
<testsuite hostname="ashutosh" failures="0" tests="2" name="testNg_selenium01.TestAnnotation" time="0.011" errors="0" timestamp="2023-08-06T04:32:32 IST" skipped="0">
  <testcase classname="testNg_selenium01.TestAnnotation" name="modifyUser" time="0.001"/>
  <testcase classname="testNg_selenium01.TestAnnotation" name="createUser" time="0.010"/>
</testsuite> <!-- testNg_selenium01.TestAnnotation -->
