<?xml version="1.0" encoding="UTF-8"?>
<!-- Generated by org.testng.reporters.JUnitReportReporter -->
<testsuite hostname="ashutosh" failures="0" tests="3" name="testNg_selenium01.Enabled_TestAnnotation" time="0.013" errors="0" timestamp="2023-08-06T04:36:10 IST" skipped="0">
  <testcase classname="testNg_selenium01.Enabled_TestAnnotation" name="modifyUser" time="0.003"/>
  <testcase classname="testNg_selenium01.Enabled_TestAnnotation" name="createUser" time="0.008"/>
  <testcase classname="testNg_selenium01.Enabled_TestAnnotation" name="deleteUser" time="0.002"/>
</testsuite> <!-- testNg_selenium01.Enabled_TestAnnotation -->
