<?xml version="1.0" encoding="UTF-8"?>
<!-- Generated by org.testng.reporters.JUnitReportReporter -->
<testsuite hostname="ashutosh" failures="0" tests="1" name="testNg_Assertion.PM_assertTrueSoft" time="0.013" errors="0" timestamp="2023-08-09T00:48:13 IST" skipped="0">
  <testcase classname="testNg_Assertion.PM_assertTrueSoft" name="checkAssert" time="0.013"/>
</testsuite> <!-- testNg_Assertion.PM_assertTrueSoft -->
