<?xml version="1.0" encoding="UTF-8"?>
<!-- Generated by org.testng.reporters.JUnitReportReporter -->
<testsuite hostname="ashutosh" failures="0" tests="1" name="testNg_Assertion.PM_assertTrueHard" time="0.010" errors="0" timestamp="2023-08-09T00:22:23 IST" skipped="0">
  <testcase classname="testNg_Assertion.PM_assertTrueHard" name="checkAssert" time="0.010"/>
</testsuite> <!-- testNg_Assertion.PM_assertTrueHard -->
