<?xml version="1.0" encoding="UTF-8"?>
<!-- Generated by org.testng.reporters.JUnitReportReporter -->
<testsuite hostname="ashutosh" failures="0" tests="3" name="testNg_selenium01.PriorityTestAnnotation" time="0.016" errors="0" timestamp="2023-08-06T10:32:52 IST" skipped="0">
  <testcase classname="testNg_selenium01.PriorityTestAnnotation" name="deleteUser" time="0.012"/>
  <testcase classname="testNg_selenium01.PriorityTestAnnotation" name="createUser" time="0.002"/>
  <testcase classname="testNg_selenium01.PriorityTestAnnotation" name="modifyUser" time="0.002"/>
</testsuite> <!-- testNg_selenium01.PriorityTestAnnotation -->
